<?xml version="1.0" encoding="UTF-8"?>
<!-- Generated by org.testng.reporters.JUnitXMLReporter -->
<testsuite ignored="0" hostname="Home-PC" failures="2" tests="3" name="login Logout Test" time="119.354" errors="0" timestamp="2023-01-20T15:56:07 IST">
  <testcase classname="magentostore.tests.loginLogoutTest" name="invalidLoginVerification" time="8.165">
    <failure type="java.lang.AssertionError" message="expected [The account sign-in was incorrect or your account is disabled temporarily. Please wait and try again later.] but found [Incorrect CAPTCHA]">
      <![CDATA[java.lang.AssertionError: expected [The account sign-in was incorrect or your account is disabled temporarily. Please wait and try again later.] but found [Incorrect CAPTCHA]
at magentostore.tests.loginLogoutTest.invalidLoginVerification(loginLogoutTest.java:50)
at java.base/java.util.ArrayList.forEach(ArrayList.java:1511)
... Removed 33 stack frames]]>
    </failure>
  </testcase> <!-- invalidLoginVerification -->
  <testcase classname="magentostore.tests.loginLogoutTest" name="validLoginlogoutVerification" time="14.461"/>
  <testcase classname="magentostore.tests.loginLogoutTest" name="validLoginlogoutVerification" time="11.038">
    <failure type="org.openqa.selenium.TimeoutException" message="Expected condition failed: waiting for text (&amp;apos;Welcome&amp;apos;) to be present in element found by By.cssSelector: .greet.welcome (tried for 5 second(s) with 500 milliseconds interval)
Build info: version: &amp;apos;4.7.2&amp;apos;, revision: &amp;apos;4d4020c3b7&amp;apos;
System info: os.name: &amp;apos;Windows 10&amp;apos;, os.arch: &amp;apos;amd64&amp;apos;, os.version: &amp;apos;10.0&amp;apos;, java.version: &amp;apos;17.0.2&amp;apos;
Driver info: org.openqa.selenium.chrome.ChromeDriver
Capabilities {acceptInsecureCerts: false, browserName: chrome, browserVersion: 109.0.5414.75, chrome: {chromedriverVersion: 109.0.5414.74 (e7c5703604da..., userDataDir: C:\Users\bkshah\AppData\Loc...}, goog:chromeOptions: {debuggerAddress: localhost:55676}, networkConnectionEnabled: false, pageLoadStrategy: normal, platformName: WINDOWS, proxy: Proxy(), se:cdp: ws://localhost:55676/devtoo..., se:cdpVersion: 109.0.5414.75, setWindowRect: true, strictFileInteractability: false, timeouts: {implicit: 0, pageLoad: 300000, script: 30000}, unhandledPromptBehavior: dismiss and notify, webauthn:extension:credBlob: true, webauthn:extension:largeBlob: true, webauthn:virtualAuthenticators: true}
Session ID: 18247d43bd140cbd3fa96a365aeb32b5">
      <![CDATA[org.openqa.selenium.TimeoutException: Expected condition failed: waiting for text ('Welcome') to be present in element found by By.cssSelector: .greet.welcome (tried for 5 second(s) with 500 milliseconds interval)
Build info: version: '4.7.2', revision: '4d4020c3b7'
System info: os.name: 'Windows 10', os.arch: 'amd64', os.version: '10.0', java.version: '17.0.2'
Driver info: org.openqa.selenium.chrome.ChromeDriver
Capabilities {acceptInsecureCerts: false, browserName: chrome, browserVersion: 109.0.5414.75, chrome: {chromedriverVersion: 109.0.5414.74 (e7c5703604da..., userDataDir: C:\Users\bkshah\AppData\Loc...}, goog:chromeOptions: {debuggerAddress: localhost:55676}, networkConnectionEnabled: false, pageLoadStrategy: normal, platformName: WINDOWS, proxy: Proxy(), se:cdp: ws://localhost:55676/devtoo..., se:cdpVersion: 109.0.5414.75, setWindowRect: true, strictFileInteractability: false, timeouts: {implicit: 0, pageLoad: 300000, script: 30000}, unhandledPromptBehavior: dismiss and notify, webauthn:extension:credBlob: true, webauthn:extension:largeBlob: true, webauthn:virtualAuthenticators: true}
Session ID: 18247d43bd140cbd3fa96a365aeb32b5
at org.openqa.selenium.support.ui.WebDriverWait.timeoutException(WebDriverWait.java:87)
at org.openqa.selenium.support.ui.FluentWait.until(FluentWait.java:231)
at magentostore.AbstractComponents.AbstractComponent.waitfortextToBePresentInElementLocated(AbstractComponent.java:53)
at magentostore.pageobjects.SignInPage.Validatelogin(SignInPage.java:68)
at magentostore.tests.loginLogoutTest.validLoginlogoutVerification(loginLogoutTest.java:33)
at java.base/java.util.ArrayList.forEach(ArrayList.java:1511)
... Removed 27 stack frames]]>
    </failure>
  </testcase> <!-- validLoginlogoutVerification -->
</testsuite> <!-- login Logout Test -->
